<?xml version="1.0" encoding="UTF-8"?>
<!-- Generated by org.testng.reporters.JUnitXMLReporter -->
<testsuite ignored="0" hostname="LAPTOP-SVSH65CA" failures="0" tests="7" name="Test" time="155.575" errors="0" timestamp="2023-07-23T08:41:19 IST">
  <testcase classname="tests.RegisterTest" name="registerWithMandatoryFields" time="3.021"/>
  <testcase classname="tests.RegisterTest" name="registerWithAllFields" time="62.013"/>
  <testcase classname="tests.LoginTest" name="loginWithValidCrendetials" time="1.605"/>
  <testcase classname="tests.LoginTest" name="loginWithInvalidCredentials" time="1.54"/>
  <testcase classname="tests.SearchTest" name="searchWithValidProductName" time="0.748"/>
  <testcase classname="tests.SearchTest" name="searchWithInvalidProductName" time="0.754"/>
  <testcase classname="tests.SearchTest" name="searchByNotProvidingAnyProductName" time="0.762"/>
</testsuite> <!-- Test -->
