<?xml version="1.0" encoding="UTF-8"?>
<!-- Generated by org.testng.reporters.JUnitXMLReporter -->
<testsuite ignored="0" hostname="LAPTOP-SVSH65CA" failures="0" tests="7" name="Test" time="41.034" errors="0" timestamp="2023-07-23T14:28:08 IST">
  <testcase classname="tests.RegisterTest" name="registerWithMandatoryFields" time="1.669"/>
  <testcase classname="tests.RegisterTest" name="registerWithAllFields" time="2.157"/>
  <testcase classname="tests.LoginTest" name="loginWithValidCrendetials" time="0.981"/>
  <testcase classname="tests.LoginTest" name="loginWithInvalidCredentials" time="0.837"/>
  <testcase classname="tests.SearchTest" name="searchWithValidProductName" time="0.478"/>
  <testcase classname="tests.SearchTest" name="searchWithInvalidProductName" time="0.389"/>
  <testcase classname="tests.SearchTest" name="searchByNotProvidingAnyProductName" time="0.413"/>
</testsuite> <!-- Test -->
