<?xml version="1.0" encoding="UTF-8"?>
<testng-results ignored="0" total="7" passed="7" failed="0" skipped="0">
  <reporter-output>
  </reporter-output>
  <suite started-at="2023-07-23T08:38:43 IST" name="Suite" finished-at="2023-07-23T08:41:18 IST" duration-ms="155575">
    <groups>
    </groups>
    <test started-at="2023-07-23T08:38:43 IST" name="Test" finished-at="2023-07-23T08:41:18 IST" duration-ms="155575">
      <class name="tests.LoginTest">
        <test-method is-config="true" signature="setup()[pri:0, instance:tests.LoginTest@6155d082]" started-at="2023-07-23T08:40:48 IST" name="setup" finished-at="2023-07-23T08:40:52 IST" duration-ms="4040" status="PASS">
          <reporter-output>
          </reporter-output>
        </test-method> <!-- setup -->
        <test-method signature="loginWithValidCrendetials()[pri:1, instance:tests.LoginTest@6155d082]" started-at="2023-07-23T08:40:52 IST" name="loginWithValidCrendetials" finished-at="2023-07-23T08:40:54 IST" duration-ms="1605" status="PASS">
          <reporter-output>
          </reporter-output>
        </test-method> <!-- loginWithValidCrendetials -->
        <test-method is-config="true" signature="tearDown()[pri:0, instance:tests.LoginTest@6155d082]" started-at="2023-07-23T08:40:54 IST" name="tearDown" finished-at="2023-07-23T08:40:54 IST" duration-ms="314" status="PASS">
          <reporter-output>
          </reporter-output>
        </test-method> <!-- tearDown -->
        <test-method is-config="true" signature="setup()[pri:0, instance:tests.LoginTest@6155d082]" started-at="2023-07-23T08:40:54 IST" name="setup" finished-at="2023-07-23T08:40:58 IST" duration-ms="4204" status="PASS">
          <reporter-output>
          </reporter-output>
        </test-method> <!-- setup -->
        <test-method signature="loginWithInvalidCredentials()[pri:2, instance:tests.LoginTest@6155d082]" started-at="2023-07-23T08:40:58 IST" name="loginWithInvalidCredentials" finished-at="2023-07-23T08:41:00 IST" duration-ms="1540" status="PASS">
          <reporter-output>
          </reporter-output>
        </test-method> <!-- loginWithInvalidCredentials -->
        <test-method is-config="true" signature="tearDown()[pri:0, instance:tests.LoginTest@6155d082]" started-at="2023-07-23T08:41:00 IST" name="tearDown" finished-at="2023-07-23T08:41:00 IST" duration-ms="368" status="PASS">
          <reporter-output>
          </reporter-output>
        </test-method> <!-- tearDown -->
      </class> <!-- tests.LoginTest -->
      <class name="tests.RegisterTest">
        <test-method is-config="true" signature="setup()[pri:0, instance:tests.RegisterTest@1b955cac]" started-at="2023-07-23T08:38:43 IST" name="setup" finished-at="2023-07-23T08:39:38 IST" duration-ms="55378" status="PASS">
          <reporter-output>
          </reporter-output>
        </test-method> <!-- setup -->
        <test-method signature="registerWithMandatoryFields()[pri:1, instance:tests.RegisterTest@1b955cac]" started-at="2023-07-23T08:39:38 IST" name="registerWithMandatoryFields" finished-at="2023-07-23T08:39:41 IST" duration-ms="3021" status="PASS">
          <reporter-output>
          </reporter-output>
        </test-method> <!-- registerWithMandatoryFields -->
        <test-method is-config="true" signature="tearDown()[pri:0, instance:tests.RegisterTest@1b955cac]" started-at="2023-07-23T08:39:41 IST" name="tearDown" finished-at="2023-07-23T08:39:42 IST" duration-ms="607" status="PASS">
          <reporter-output>
          </reporter-output>
        </test-method> <!-- tearDown -->
        <test-method is-config="true" signature="setup()[pri:0, instance:tests.RegisterTest@1b955cac]" started-at="2023-07-23T08:39:42 IST" name="setup" finished-at="2023-07-23T08:39:46 IST" duration-ms="3722" status="PASS">
          <reporter-output>
          </reporter-output>
        </test-method> <!-- setup -->
        <test-method signature="registerWithAllFields()[pri:2, instance:tests.RegisterTest@1b955cac]" started-at="2023-07-23T08:39:46 IST" name="registerWithAllFields" finished-at="2023-07-23T08:40:48 IST" duration-ms="62013" status="PASS">
          <reporter-output>
          </reporter-output>
        </test-method> <!-- registerWithAllFields -->
        <test-method is-config="true" signature="tearDown()[pri:0, instance:tests.RegisterTest@1b955cac]" started-at="2023-07-23T08:40:48 IST" name="tearDown" finished-at="2023-07-23T08:40:48 IST" duration-ms="560" status="PASS">
          <reporter-output>
          </reporter-output>
        </test-method> <!-- tearDown -->
      </class> <!-- tests.RegisterTest -->
      <class name="tests.SearchTest">
        <test-method is-config="true" signature="setup()[pri:0, instance:tests.SearchTest@3a5ecce3]" started-at="2023-07-23T08:41:00 IST" name="setup" finished-at="2023-07-23T08:41:05 IST" duration-ms="5113" status="PASS">
          <reporter-output>
          </reporter-output>
        </test-method> <!-- setup -->
        <test-method signature="searchWithValidProductName()[pri:1, instance:tests.SearchTest@3a5ecce3]" started-at="2023-07-23T08:41:05 IST" name="searchWithValidProductName" finished-at="2023-07-23T08:41:06 IST" duration-ms="748" status="PASS">
          <reporter-output>
          </reporter-output>
        </test-method> <!-- searchWithValidProductName -->
        <test-method is-config="true" signature="tearDown()[pri:0, instance:tests.SearchTest@3a5ecce3]" started-at="2023-07-23T08:41:06 IST" name="tearDown" finished-at="2023-07-23T08:41:06 IST" duration-ms="307" status="PASS">
          <reporter-output>
          </reporter-output>
        </test-method> <!-- tearDown -->
        <test-method is-config="true" signature="setup()[pri:0, instance:tests.SearchTest@3a5ecce3]" started-at="2023-07-23T08:41:06 IST" name="setup" finished-at="2023-07-23T08:41:11 IST" duration-ms="4374" status="PASS">
          <reporter-output>
          </reporter-output>
        </test-method> <!-- setup -->
        <test-method signature="searchWithInvalidProductName()[pri:2, instance:tests.SearchTest@3a5ecce3]" started-at="2023-07-23T08:41:11 IST" name="searchWithInvalidProductName" finished-at="2023-07-23T08:41:12 IST" duration-ms="754" status="PASS">
          <reporter-output>
          </reporter-output>
        </test-method> <!-- searchWithInvalidProductName -->
        <test-method is-config="true" signature="tearDown()[pri:0, instance:tests.SearchTest@3a5ecce3]" started-at="2023-07-23T08:41:12 IST" name="tearDown" finished-at="2023-07-23T08:41:12 IST" duration-ms="391" status="PASS">
          <reporter-output>
          </reporter-output>
        </test-method> <!-- tearDown -->
        <test-method is-config="true" signature="setup()[pri:0, instance:tests.SearchTest@3a5ecce3]" started-at="2023-07-23T08:41:12 IST" name="setup" finished-at="2023-07-23T08:41:17 IST" duration-ms="5316" status="PASS">
          <reporter-output>
          </reporter-output>
        </test-method> <!-- setup -->
        <test-method signature="searchByNotProvidingAnyProductName()[pri:3, instance:tests.SearchTest@3a5ecce3]" started-at="2023-07-23T08:41:17 IST" name="searchByNotProvidingAnyProductName" finished-at="2023-07-23T08:41:18 IST" duration-ms="762" status="PASS">
          <reporter-output>
          </reporter-output>
        </test-method> <!-- searchByNotProvidingAnyProductName -->
        <test-method is-config="true" signature="tearDown()[pri:0, instance:tests.SearchTest@3a5ecce3]" started-at="2023-07-23T08:41:18 IST" name="tearDown" finished-at="2023-07-23T08:41:18 IST" duration-ms="321" status="PASS">
          <reporter-output>
          </reporter-output>
        </test-method> <!-- tearDown -->
      </class> <!-- tests.SearchTest -->
    </test> <!-- Test -->
  </suite> <!-- Suite -->
</testng-results>
